[01m[K/home/jd/Documents/projet_integration/lib/seal-ros-bridge/seal_ros_nodes/src/seal_server_node.cpp:[m[K In member function â€˜[01m[Kvoid SealServerNode::ciphertext_callback(std_msgs::msg::String_<std::allocator<void> >::SharedPtr)[m[Kâ€™:
[01m[K/home/jd/Documents/projet_integration/lib/seal-ros-bridge/seal_ros_nodes/src/seal_server_node.cpp:29:81:[m[K [01;35m[Kwarning: [m[Kunused parameter â€˜[01m[Kmsg[m[Kâ€™ [[01;35m[K]8;;https://gcc.gnu.org/onlinedocs/gcc/Warning-Options.html#index-Wunused-parameter-Wunused-parameter]8;;[m[K]
   29 | void SealServerNode::ciphertext_callback([01;35m[Kconst std_msgs::msg::String::SharedPtr msg[m[K) {
      |                                          [01;35m[K~~~~~~~~~~~~~~~~~~~~~~~~~~~~~~~~~~~~~~~^~~[m[K
[01m[K/home/jd/Documents/projet_integration/lib/seal-ros-bridge/seal_ros_nodes/src/seal_client_node.cpp:[m[K In constructor â€˜[01m[KSealClientNode::SealClientNode()[m[Kâ€™:
[01m[K/home/jd/Documents/projet_integration/lib/seal-ros-bridge/seal_ros_nodes/src/seal_client_node.cpp:17:9:[m[K [01;31m[Kerror: [m[Kâ€˜[01m[Kparms_[m[Kâ€™ was not declared in this scope
   17 |         [01;31m[Kparms_[m[K = pAndKManager.get_serialized_parms();
      |         [01;31m[K^~~~~~[m[K
[01m[K/home/jd/Documents/projet_integration/lib/seal-ros-bridge/seal_ros_nodes/src/seal_client_node.cpp:18:54:[m[K [01;31m[Kerror: [m[Kno match for â€˜[01m[Koperator=[m[Kâ€™ (operand types are â€˜[01m[Kseal::PublicKey[m[Kâ€™ and â€˜[01m[Kstd::vector<unsigned char, std::allocator<unsigned char> >[m[Kâ€™)
   18 |         public_key_ = pAndKManager.get_serialized_pk([01;31m[K)[m[K;
      |                                                      [01;31m[K^[m[K
In file included from [01m[K/usr/local/include/SEAL-4.1/seal/encryptor.h:11[m[K,
                 from [01m[K/usr/local/include/SEAL-4.1/seal/seal.h:13[m[K,
                 from [01m[K/home/jd/Documents/projet_integration/lib/seal-ros-bridge/seal_ros_nodes/include/seal_ros_nodes/seal_parms_and_keys.hpp:4[m[K,
                 from [01m[K/home/jd/Documents/projet_integration/lib/seal-ros-bridge/seal_ros_nodes/include/seal_ros_nodes/seal_client_node.hpp:6[m[K,
                 from [01m[K/home/jd/Documents/projet_integration/lib/seal-ros-bridge/seal_ros_nodes/src/seal_client_node.cpp:1[m[K:
[01m[K/usr/local/include/SEAL-4.1/seal/publickey.h:56:20:[m[K [01;36m[Knote: [m[Kcandidate: â€˜[01m[Kseal::PublicKey& seal::PublicKey::operator=(const seal::PublicKey&)[m[Kâ€™
   56 |         PublicKey &[01;36m[Koperator[m[K=(const PublicKey &assign) = default;
      |                    [01;36m[K^~~~~~~~[m[K
[01m[K/usr/local/include/SEAL-4.1/seal/publickey.h:56:47:[m[K [01;36m[Knote: [m[K  no known conversion for argument 1 from â€˜[01m[Kstd::vector<unsigned char, std::allocator<unsigned char> >[m[Kâ€™ to â€˜[01m[Kconst seal::PublicKey&[m[Kâ€™
   56 |         PublicKey &operator=([01;36m[Kconst PublicKey &assign[m[K) = default;
      |                              [01;36m[K~~~~~~~~~~~~~~~~~^~~~~~[m[K
[01m[K/usr/local/include/SEAL-4.1/seal/publickey.h:63:20:[m[K [01;36m[Knote: [m[Kcandidate: â€˜[01m[Kseal::PublicKey& seal::PublicKey::operator=(seal::PublicKey&&)[m[Kâ€™
   63 |         PublicKey &[01;36m[Koperator[m[K=(PublicKey &&assign) = default;
      |                    [01;36m[K^~~~~~~~[m[K
[01m[K/usr/local/include/SEAL-4.1/seal/publickey.h:63:42:[m[K [01;36m[Knote: [m[K  no known conversion for argument 1 from â€˜[01m[Kstd::vector<unsigned char, std::allocator<unsigned char> >[m[Kâ€™ to â€˜[01m[Kseal::PublicKey&&[m[Kâ€™
   63 |         PublicKey &operator=([01;36m[KPublicKey &&assign[m[K) = default;
      |                              [01;36m[K~~~~~~~~~~~~^~~~~~[m[K
gmake[2]: *** [CMakeFiles/seal_client_node.dir/build.make:76: CMakeFiles/seal_client_node.dir/src/seal_client_node.cpp.o] Error 1
gmake[1]: *** [CMakeFiles/Makefile2:254: CMakeFiles/seal_client_node.dir/all] Error 2
gmake[1]: *** Waiting for unfinished jobs....
gmake: *** [Makefile:146: all] Error 2
