[0.021s] Invoking command in '/home/jd/Documents/projet_integration/lib/seal-ros-bridge/build/seal_ros_nodes': AMENT_PREFIX_PATH=/home/jd/Documents/projet_integration/lib/seal-ros-bridge/install/seal_msgs:${AMENT_PREFIX_PATH} CMAKE_PREFIX_PATH=/home/jd/Documents/projet_integration/lib/seal-ros-bridge/install/seal_msgs:/opt/ros/humble LD_LIBRARY_PATH=/home/jd/Documents/projet_integration/lib/seal-ros-bridge/install/seal_msgs/lib:${LD_LIBRARY_PATH} PYTHONPATH=/home/jd/Documents/projet_integration/lib/seal-ros-bridge/install/seal_msgs/local/lib/python3.10/dist-packages:${PYTHONPATH} /usr/bin/cmake /home/jd/Documents/projet_integration/lib/seal-ros-bridge/seal_ros_nodes -DCMAKE_INSTALL_PREFIX=/home/jd/Documents/projet_integration/lib/seal-ros-bridge/install/seal_ros_nodes
[0.027s] -- Found ament_cmake: 1.3.6 (/opt/ros/humble/share/ament_cmake/cmake)
[0.101s] -- Found rclcpp: 16.0.7 (/opt/ros/humble/share/rclcpp/cmake)
[0.117s] -- Found rosidl_generator_c: 3.1.5 (/opt/ros/humble/share/rosidl_generator_c/cmake)
[0.118s] -- Found rosidl_adapter: 3.1.5 (/opt/ros/humble/share/rosidl_adapter/cmake)
[0.121s] -- Found rosidl_generator_cpp: 3.1.5 (/opt/ros/humble/share/rosidl_generator_cpp/cmake)
[0.126s] -- Using all available rosidl_typesupport_c: rosidl_typesupport_fastrtps_c;rosidl_typesupport_introspection_c
[0.133s] -- Using all available rosidl_typesupport_cpp: rosidl_typesupport_fastrtps_cpp;rosidl_typesupport_introspection_cpp
[0.160s] -- Found rmw_implementation_cmake: 6.1.1 (/opt/ros/humble/share/rmw_implementation_cmake/cmake)
[0.161s] -- Found rmw_fastrtps_cpp: 6.2.5 (/opt/ros/humble/share/rmw_fastrtps_cpp/cmake)
[0.217s] -- Using RMW implementation 'rmw_fastrtps_cpp' as default
[0.295s] -- Microsoft SEAL -> Version 4.1.1 detected
[0.295s] -- Microsoft SEAL -> Targets available: SEAL::seal
[0.295s] -- Found seal_msgs: 1.0.0 (/home/jd/Documents/projet_integration/lib/seal-ros-bridge/install/seal_msgs/share/seal_msgs/cmake)
[0.303s] -- Found ament_lint_auto: 0.12.9 (/opt/ros/humble/share/ament_lint_auto/cmake)
[0.334s] -- Added test 'copyright' to check source files copyright and LICENSE
[0.335s] -- Added test 'cppcheck' to perform static code analysis on C / C++ code
[0.335s] -- Configured cppcheck include dirs: /home/jd/Documents/projet_integration/lib/seal-ros-bridge/seal_ros_nodes/include
[0.335s] -- Configured cppcheck exclude dirs and/or files: 
[0.336s] -- Added test 'cpplint' to check C / C++ code against the Google style
[0.336s] -- Configured cpplint exclude dirs and/or files: 
[0.336s] -- Added test 'flake8' to check Python code syntax and style conventions
[0.336s] -- Added test 'lint_cmake' to check CMake code style
[0.336s] -- Added test 'pep257' to check Python code against some of the docstring style conventions in PEP 257
[0.337s] -- Added test 'uncrustify' to check C / C++ code style
[0.337s] -- Configured uncrustify additional arguments: 
[0.337s] -- Added test 'xmllint' to check XML markup files
[0.337s] -- Configuring done
[0.344s] -- Generating done
[0.345s] -- Build files have been written to: /home/jd/Documents/projet_integration/lib/seal-ros-bridge/build/seal_ros_nodes
[0.349s] Invoked command in '/home/jd/Documents/projet_integration/lib/seal-ros-bridge/build/seal_ros_nodes' returned '0': AMENT_PREFIX_PATH=/home/jd/Documents/projet_integration/lib/seal-ros-bridge/install/seal_msgs:${AMENT_PREFIX_PATH} CMAKE_PREFIX_PATH=/home/jd/Documents/projet_integration/lib/seal-ros-bridge/install/seal_msgs:/opt/ros/humble LD_LIBRARY_PATH=/home/jd/Documents/projet_integration/lib/seal-ros-bridge/install/seal_msgs/lib:${LD_LIBRARY_PATH} PYTHONPATH=/home/jd/Documents/projet_integration/lib/seal-ros-bridge/install/seal_msgs/local/lib/python3.10/dist-packages:${PYTHONPATH} /usr/bin/cmake /home/jd/Documents/projet_integration/lib/seal-ros-bridge/seal_ros_nodes -DCMAKE_INSTALL_PREFIX=/home/jd/Documents/projet_integration/lib/seal-ros-bridge/install/seal_ros_nodes
[0.350s] Invoking command in '/home/jd/Documents/projet_integration/lib/seal-ros-bridge/build/seal_ros_nodes': AMENT_PREFIX_PATH=/home/jd/Documents/projet_integration/lib/seal-ros-bridge/install/seal_msgs:${AMENT_PREFIX_PATH} CMAKE_PREFIX_PATH=/home/jd/Documents/projet_integration/lib/seal-ros-bridge/install/seal_msgs:/opt/ros/humble LD_LIBRARY_PATH=/home/jd/Documents/projet_integration/lib/seal-ros-bridge/install/seal_msgs/lib:${LD_LIBRARY_PATH} PYTHONPATH=/home/jd/Documents/projet_integration/lib/seal-ros-bridge/install/seal_msgs/local/lib/python3.10/dist-packages:${PYTHONPATH} /usr/bin/cmake --build /home/jd/Documents/projet_integration/lib/seal-ros-bridge/build/seal_ros_nodes -- -j32 -l32
[0.376s] [  8%] [32mBuilding CXX object CMakeFiles/sxr_lib.dir/src/sxr_lib.cpp.o[0m
[0.377s] [ 25%] [32mBuilding CXX object CMakeFiles/seal_parms_and_keys.dir/src/seal_parms_and_keys.cpp.o[0m
[0.377s] [ 25%] [32mBuilding CXX object CMakeFiles/seal_server_node.dir/src/seal_server_node.cpp.o[0m
[1.183s] [ 33%] [32m[1mLinking CXX static library libsxr_lib.a[0m
[1.214s] [ 33%] Built target sxr_lib
[1.224s] [ 41%] [32mBuilding CXX object CMakeFiles/seal_encryptor.dir/src/seal_encryptor.cpp.o[0m
[1.224s] [ 50%] [32mBuilding CXX object CMakeFiles/seal_decryptor.dir/src/seal_decryptor.cpp.o[0m
[1.289s] [ 58%] [32m[1mLinking CXX static library libseal_parms_and_keys.a[0m
[1.324s] [ 58%] Built target seal_parms_and_keys
[1.811s] [01m[K/home/jd/Documents/projet_integration/lib/seal-ros-bridge/seal_ros_nodes/src/seal_server_node.cpp:[m[K In member function â€˜[01m[Kvoid SealServerNode::ciphertext_callback(std_msgs::msg::String_<std::allocator<void> >::SharedPtr)[m[Kâ€™:
[1.811s] [01m[K/home/jd/Documents/projet_integration/lib/seal-ros-bridge/seal_ros_nodes/src/seal_server_node.cpp:29:81:[m[K [01;35m[Kwarning: [m[Kunused parameter â€˜[01m[Kmsg[m[Kâ€™ [[01;35m[K]8;;https://gcc.gnu.org/onlinedocs/gcc/Warning-Options.html#index-Wunused-parameter-Wunused-parameter]8;;[m[K]
[1.811s]    29 | void SealServerNode::ciphertext_callback([01;35m[Kconst std_msgs::msg::String::SharedPtr msg[m[K) {
[1.811s]       |                                          [01;35m[K~~~~~~~~~~~~~~~~~~~~~~~~~~~~~~~~~~~~~~~^~~[m[K
[1.991s] [ 66%] [32m[1mLinking CXX static library libseal_encryptor.a[0m
[2.022s] [ 66%] Built target seal_encryptor
[2.040s] [ 75%] [32m[1mLinking CXX static library libseal_decryptor.a[0m
[2.070s] [ 75%] Built target seal_decryptor
[2.080s] [ 83%] [32mBuilding CXX object CMakeFiles/seal_client_node.dir/src/seal_client_node.cpp.o[0m
[3.444s] [01m[K/home/jd/Documents/projet_integration/lib/seal-ros-bridge/seal_ros_nodes/src/seal_client_node.cpp:[m[K In constructor â€˜[01m[KSealClientNode::SealClientNode()[m[Kâ€™:
[3.444s] [01m[K/home/jd/Documents/projet_integration/lib/seal-ros-bridge/seal_ros_nodes/src/seal_client_node.cpp:17:9:[m[K [01;31m[Kerror: [m[Kâ€˜[01m[Kparms_[m[Kâ€™ was not declared in this scope
[3.444s]    17 |         [01;31m[Kparms_[m[K = pAndKManager.get_serialized_parms();
[3.444s]       |         [01;31m[K^~~~~~[m[K
[3.444s] [01m[K/home/jd/Documents/projet_integration/lib/seal-ros-bridge/seal_ros_nodes/src/seal_client_node.cpp:18:54:[m[K [01;31m[Kerror: [m[Kno match for â€˜[01m[Koperator=[m[Kâ€™ (operand types are â€˜[01m[Kseal::PublicKey[m[Kâ€™ and â€˜[01m[Kstd::vector<unsigned char, std::allocator<unsigned char> >[m[Kâ€™)
[3.444s]    18 |         public_key_ = pAndKManager.get_serialized_pk([01;31m[K)[m[K;
[3.444s]       |                                                      [01;31m[K^[m[K
[3.444s] In file included from [01m[K/usr/local/include/SEAL-4.1/seal/encryptor.h:11[m[K,
[3.444s]                  from [01m[K/usr/local/include/SEAL-4.1/seal/seal.h:13[m[K,
[3.444s]                  from [01m[K/home/jd/Documents/projet_integration/lib/seal-ros-bridge/seal_ros_nodes/include/seal_ros_nodes/seal_parms_and_keys.hpp:4[m[K,
[3.444s]                  from [01m[K/home/jd/Documents/projet_integration/lib/seal-ros-bridge/seal_ros_nodes/include/seal_ros_nodes/seal_client_node.hpp:6[m[K,
[3.444s]                  from [01m[K/home/jd/Documents/projet_integration/lib/seal-ros-bridge/seal_ros_nodes/src/seal_client_node.cpp:1[m[K:
[3.444s] [01m[K/usr/local/include/SEAL-4.1/seal/publickey.h:56:20:[m[K [01;36m[Knote: [m[Kcandidate: â€˜[01m[Kseal::PublicKey& seal::PublicKey::operator=(const seal::PublicKey&)[m[Kâ€™
[3.444s]    56 |         PublicKey &[01;36m[Koperator[m[K=(const PublicKey &assign) = default;
[3.444s]       |                    [01;36m[K^~~~~~~~[m[K
[3.444s] [01m[K/usr/local/include/SEAL-4.1/seal/publickey.h:56:47:[m[K [01;36m[Knote: [m[K  no known conversion for argument 1 from â€˜[01m[Kstd::vector<unsigned char, std::allocator<unsigned char> >[m[Kâ€™ to â€˜[01m[Kconst seal::PublicKey&[m[Kâ€™
[3.444s]    56 |         PublicKey &operator=([01;36m[Kconst PublicKey &assign[m[K) = default;
[3.444s]       |                              [01;36m[K~~~~~~~~~~~~~~~~~^~~~~~[m[K
[3.444s] [01m[K/usr/local/include/SEAL-4.1/seal/publickey.h:63:20:[m[K [01;36m[Knote: [m[Kcandidate: â€˜[01m[Kseal::PublicKey& seal::PublicKey::operator=(seal::PublicKey&&)[m[Kâ€™
[3.444s]    63 |         PublicKey &[01;36m[Koperator[m[K=(PublicKey &&assign) = default;
[3.444s]       |                    [01;36m[K^~~~~~~~[m[K
[3.444s] [01m[K/usr/local/include/SEAL-4.1/seal/publickey.h:63:42:[m[K [01;36m[Knote: [m[K  no known conversion for argument 1 from â€˜[01m[Kstd::vector<unsigned char, std::allocator<unsigned char> >[m[Kâ€™ to â€˜[01m[Kseal::PublicKey&&[m[Kâ€™
[3.444s]    63 |         PublicKey &operator=([01;36m[KPublicKey &&assign[m[K) = default;
[3.444s]       |                              [01;36m[K~~~~~~~~~~~~^~~~~~[m[K
[4.757s] gmake[2]: *** [CMakeFiles/seal_client_node.dir/build.make:76: CMakeFiles/seal_client_node.dir/src/seal_client_node.cpp.o] Error 1
[4.757s] gmake[1]: *** [CMakeFiles/Makefile2:254: CMakeFiles/seal_client_node.dir/all] Error 2
[4.757s] gmake[1]: *** Waiting for unfinished jobs....
[4.905s] [ 91%] [32m[1mLinking CXX executable seal_server_node[0m
[5.114s] [ 91%] Built target seal_server_node
[5.115s] gmake: *** [Makefile:146: all] Error 2
[5.117s] Invoked command in '/home/jd/Documents/projet_integration/lib/seal-ros-bridge/build/seal_ros_nodes' returned '2': AMENT_PREFIX_PATH=/home/jd/Documents/projet_integration/lib/seal-ros-bridge/install/seal_msgs:${AMENT_PREFIX_PATH} CMAKE_PREFIX_PATH=/home/jd/Documents/projet_integration/lib/seal-ros-bridge/install/seal_msgs:/opt/ros/humble LD_LIBRARY_PATH=/home/jd/Documents/projet_integration/lib/seal-ros-bridge/install/seal_msgs/lib:${LD_LIBRARY_PATH} PYTHONPATH=/home/jd/Documents/projet_integration/lib/seal-ros-bridge/install/seal_msgs/local/lib/python3.10/dist-packages:${PYTHONPATH} /usr/bin/cmake --build /home/jd/Documents/projet_integration/lib/seal-ros-bridge/build/seal_ros_nodes -- -j32 -l32
